<?xml version="1.0" encoding="UTF-8"?>
<!-- Generated by org.testng.reporters.JUnitReportReporter -->
<testsuite hostname="Circuss-MacBook-Air.local" failures="0" tests="1" name="rest.basics2" time="3.157" errors="0" timestamp="2020-02-17T15:24:30 IST" skipped="0">
  <testcase classname="rest.basics2" name="postData" time="3.157"/>
</testsuite> <!-- rest.basics2 -->
