<?xml version="1.0" encoding="UTF-8"?>
<!-- Generated by org.testng.reporters.JUnitReportReporter -->
<testsuite hostname="Circuss-MacBook-Air.local" failures="0" tests="1" name="rest.basic" time="3.471" errors="0" timestamp="2020-02-17T12:20:06 IST" skipped="0">
  <testcase classname="rest.basic" name="Test" time="3.471"/>
</testsuite> <!-- rest.basic -->
