<?xml version="1.0" encoding="UTF-8"?>
<!-- Generated by org.testng.reporters.JUnitReportReporter -->
<testsuite hostname="Circuss-MacBook-Air.local" failures="0" tests="1" name="rest.basic" time="3.136" errors="0" timestamp="2020-02-17T16:28:43 IST" skipped="0">
  <testcase classname="rest.basic" name="Test" time="3.136"/>
</testsuite> <!-- rest.basic -->
