<?xml version="1.0" encoding="UTF-8"?>
<!-- Generated by org.testng.reporters.JUnitReportReporter -->
<testsuite hostname="Circuss-MacBook-Air.local" failures="0" tests="1" name="rest.basics2" time="4.237" errors="0" timestamp="2020-02-17T18:59:39 IST" skipped="0">
  <testcase classname="rest.basics2" name="postData" time="4.237"/>
</testsuite> <!-- rest.basics2 -->
